2026-03-20T00:16:52.823+08:00  INFO 17540 --- [Ims_Project] [SpringApplicationShutdownHook] o.s.boot.tomcat.GracefulShutdown         : Commencing graceful shutdown. Waiting for active requests to complete
2026-03-20T00:16:52.859+08:00  INFO 17540 --- [Ims_Project] [tomcat-shutdown] o.s.boot.tomcat.GracefulShutdown         : Graceful shutdown complete
2026-03-20T00:16:52.871+08:00  INFO 17540 --- [Ims_Project] [SpringApplicationShutdownHook] j.LocalContainerEntityManagerFactoryBean : Closing JPA EntityManagerFactory for persistence unit 'default'
2026-03-20T00:16:52.888+08:00  INFO 17540 --- [Ims_Project] [SpringApplicationShutdownHook] com.zaxxer.hikari.HikariDataSource       : HikariPool-1 - Shutdown initiated...
2026-03-20T00:16:52.893+08:00  INFO 17540 --- [Ims_Project] [SpringApplicationShutdownHook] com.zaxxer.hikari.HikariDataSource       : HikariPool-1 - Shutdown completed.
2026-03-20T00:16:55.834+08:00  INFO 42428 --- [Ims_Project] [main] c.p.Ims_Project.ImsProjectApplication    : Starting ImsProjectApplication using Java 21.0.9 with PID 42428 (D:\SpringBoot Projects\IMS_Practice\Ims_Project\Ims_Project\target\classes started by tauki in D:\SpringBoot Projects\IMS_Practice)
2026-03-20T00:16:55.836+08:00  INFO 42428 --- [Ims_Project] [main] c.p.Ims_Project.ImsProjectApplication    : No active profile set, falling back to 1 default profile: "default"
2026-03-20T00:16:56.515+08:00  INFO 42428 --- [Ims_Project] [main] .s.d.r.c.RepositoryConfigurationDelegate : Bootstrapping Spring Data JPA repositories in DEFAULT mode.
2026-03-20T00:16:56.559+08:00  INFO 42428 --- [Ims_Project] [main] .s.d.r.c.RepositoryConfigurationDelegate : Finished Spring Data repository scanning in 33 ms. Found 1 JPA repository interface.
2026-03-20T00:16:57.006+08:00  INFO 42428 --- [Ims_Project] [main] o.s.boot.tomcat.TomcatWebServer          : Tomcat initialized with port 8081 (http)
2026-03-20T00:16:57.016+08:00  INFO 42428 --- [Ims_Project] [main] o.apache.catalina.core.StandardService   : Starting service [Tomcat]
2026-03-20T00:16:57.016+08:00  INFO 42428 --- [Ims_Project] [main] o.apache.catalina.core.StandardEngine    : Starting Servlet engine: [Apache Tomcat/11.0.18]
2026-03-20T00:16:57.082+08:00  INFO 42428 --- [Ims_Project] [main] b.w.c.s.WebApplicationContextInitializer : Root WebApplicationContext: initialization completed in 1204 ms
2026-03-20T00:16:57.306+08:00  INFO 42428 --- [Ims_Project] [main] org.hibernate.orm.jpa                    : HHH008540: Processing PersistenceUnitInfo [name: default]
2026-03-20T00:16:57.352+08:00  INFO 42428 --- [Ims_Project] [main] org.hibernate.orm.core                   : HHH000001: Hibernate ORM core version 7.2.4.Final
2026-03-20T00:16:57.771+08:00  INFO 42428 --- [Ims_Project] [main] o.s.o.j.p.SpringPersistenceUnitInfo      : No LoadTimeWeaver setup: ignoring JPA class transformer
2026-03-20T00:16:57.794+08:00  INFO 42428 --- [Ims_Project] [main] com.zaxxer.hikari.HikariDataSource       : HikariPool-1 - Starting...
2026-03-20T00:16:57.915+08:00  INFO 42428 --- [Ims_Project] [main] com.zaxxer.hikari.pool.HikariPool        : HikariPool-1 - Added connection org.postgresql.jdbc.PgConnection@a7bbdbc
2026-03-20T00:16:57.916+08:00  INFO 42428 --- [Ims_Project] [main] com.zaxxer.hikari.HikariDataSource       : HikariPool-1 - Start completed.
2026-03-20T00:16:57.965+08:00  INFO 42428 --- [Ims_Project] [main] org.hibernate.orm.connections.pooling    : HHH10001005: Database info:
	Database JDBC URL [jdbc:postgresql://localhost:5432/practice_ims]
	Database driver: PostgreSQL JDBC Driver
	Database dialect: PostgreSQLDialect
	Database version: 17.4
	Default catalog/schema: practice_ims/public
	Autocommit mode: undefined/unknown
	Isolation level: READ_COMMITTED [default READ_COMMITTED]
	JDBC fetch size: none
	Pool: DataSourceConnectionProvider
	Minimum pool size: undefined/unknown
	Maximum pool size: undefined/unknown
2026-03-20T00:16:58.615+08:00  INFO 42428 --- [Ims_Project] [main] org.hibernate.orm.core                   : HHH000489: No JTA platform available (set 'hibernate.transaction.jta.platform' to enable JTA platform integration)
2026-03-20T00:16:58.661+08:00  INFO 42428 --- [Ims_Project] [main] j.LocalContainerEntityManagerFactoryBean : Initialized JPA EntityManagerFactory for persistence unit 'default'
2026-03-20T00:16:58.734+08:00  INFO 42428 --- [Ims_Project] [main] o.s.d.j.r.query.QueryEnhancerFactories   : Hibernate is in classpath; If applicable, HQL parser will be used.
2026-03-20T00:16:58.970+08:00  WARN 42428 --- [Ims_Project] [main] JpaBaseConfiguration$JpaWebConfiguration : spring.jpa.open-in-view is enabled by default. Therefore, database queries may be performed during view rendering. Explicitly configure spring.jpa.open-in-view to disable this warning
2026-03-20T00:16:59.355+08:00  INFO 42428 --- [Ims_Project] [main] o.s.boot.tomcat.TomcatWebServer          : Tomcat started on port 8081 (http) with context path '/api'
2026-03-20T00:16:59.362+08:00  INFO 42428 --- [Ims_Project] [main] c.p.Ims_Project.ImsProjectApplication    : Started ImsProjectApplication in 3.877 seconds (process running for 4.206)
2026-03-20T00:16:59.365+08:00  WARN 42428 --- [Ims_Project] [main] o.s.core.events.SpringDocAppInitializer  : SpringDoc /v3/api-docs endpoint is enabled by default. To disable it in production, set the property 'springdoc.api-docs.enabled=false'
2026-03-20T00:16:59.366+08:00  WARN 42428 --- [Ims_Project] [main] o.s.core.events.SpringDocAppInitializer  : SpringDoc /swagger-ui.html endpoint is enabled by default. To disable it in production, set the property 'springdoc.swagger-ui.enabled=false'
2026-03-20T00:17:11.182+08:00  INFO 42428 --- [Ims_Project] [http-nio-8081-exec-1] o.a.c.c.C.[Tomcat].[localhost].[/api]    : Initializing Spring DispatcherServlet 'dispatcherServlet'
2026-03-20T00:17:11.182+08:00  INFO 42428 --- [Ims_Project] [http-nio-8081-exec-1] o.s.web.servlet.DispatcherServlet        : Initializing Servlet 'dispatcherServlet'
2026-03-20T00:17:11.184+08:00  INFO 42428 --- [Ims_Project] [http-nio-8081-exec-1] o.s.web.servlet.DispatcherServlet        : Completed initialization in 1 ms
2026-03-20T00:18:21.876+08:00  INFO 42428 --- [Ims_Project] [SpringApplicationShutdownHook] o.s.boot.tomcat.GracefulShutdown         : Commencing graceful shutdown. Waiting for active requests to complete
2026-03-20T00:18:21.889+08:00  INFO 42428 --- [Ims_Project] [tomcat-shutdown] o.s.boot.tomcat.GracefulShutdown         : Graceful shutdown complete
2026-03-20T00:18:21.891+08:00  INFO 42428 --- [Ims_Project] [SpringApplicationShutdownHook] j.LocalContainerEntityManagerFactoryBean : Closing JPA EntityManagerFactory for persistence unit 'default'
2026-03-20T00:18:21.892+08:00  INFO 42428 --- [Ims_Project] [SpringApplicationShutdownHook] com.zaxxer.hikari.HikariDataSource       : HikariPool-1 - Shutdown initiated...
2026-03-20T00:18:21.894+08:00  INFO 42428 --- [Ims_Project] [SpringApplicationShutdownHook] com.zaxxer.hikari.HikariDataSource       : HikariPool-1 - Shutdown completed.
2026-03-20T00:18:24.759+08:00  INFO 13472 --- [Ims_Project] [main] c.p.Ims_Project.ImsProjectApplication    : Starting ImsProjectApplication using Java 21.0.9 with PID 13472 (D:\SpringBoot Projects\IMS_Practice\Ims_Project\Ims_Project\target\classes started by tauki in D:\SpringBoot Projects\IMS_Practice)
2026-03-20T00:18:24.763+08:00  INFO 13472 --- [Ims_Project] [main] c.p.Ims_Project.ImsProjectApplication    : No active profile set, falling back to 1 default profile: "default"
2026-03-20T00:18:25.418+08:00  INFO 13472 --- [Ims_Project] [main] .s.d.r.c.RepositoryConfigurationDelegate : Bootstrapping Spring Data JPA repositories in DEFAULT mode.
2026-03-20T00:18:25.471+08:00  INFO 13472 --- [Ims_Project] [main] .s.d.r.c.RepositoryConfigurationDelegate : Finished Spring Data repository scanning in 44 ms. Found 1 JPA repository interface.
2026-03-20T00:18:25.916+08:00  INFO 13472 --- [Ims_Project] [main] o.s.boot.tomcat.TomcatWebServer          : Tomcat initialized with port 8081 (http)
2026-03-20T00:18:25.924+08:00  INFO 13472 --- [Ims_Project] [main] o.apache.catalina.core.StandardService   : Starting service [Tomcat]
2026-03-20T00:18:25.924+08:00  INFO 13472 --- [Ims_Project] [main] o.apache.catalina.core.StandardEngine    : Starting Servlet engine: [Apache Tomcat/11.0.18]
2026-03-20T00:18:25.976+08:00  INFO 13472 --- [Ims_Project] [main] b.w.c.s.WebApplicationContextInitializer : Root WebApplicationContext: initialization completed in 1175 ms
2026-03-20T00:18:26.169+08:00  INFO 13472 --- [Ims_Project] [main] org.hibernate.orm.jpa                    : HHH008540: Processing PersistenceUnitInfo [name: default]
2026-03-20T00:18:26.211+08:00  INFO 13472 --- [Ims_Project] [main] org.hibernate.orm.core                   : HHH000001: Hibernate ORM core version 7.2.4.Final
2026-03-20T00:18:26.587+08:00  INFO 13472 --- [Ims_Project] [main] o.s.o.j.p.SpringPersistenceUnitInfo      : No LoadTimeWeaver setup: ignoring JPA class transformer
2026-03-20T00:18:26.604+08:00  INFO 13472 --- [Ims_Project] [main] com.zaxxer.hikari.HikariDataSource       : HikariPool-1 - Starting...
2026-03-20T00:18:26.837+08:00  INFO 13472 --- [Ims_Project] [main] com.zaxxer.hikari.pool.HikariPool        : HikariPool-1 - Added connection org.postgresql.jdbc.PgConnection@280d6a20
2026-03-20T00:18:26.839+08:00  INFO 13472 --- [Ims_Project] [main] com.zaxxer.hikari.HikariDataSource       : HikariPool-1 - Start completed.
2026-03-20T00:18:26.881+08:00  INFO 13472 --- [Ims_Project] [main] org.hibernate.orm.connections.pooling    : HHH10001005: Database info:
	Database JDBC URL [jdbc:postgresql://localhost:5432/practice_ims]
	Database driver: PostgreSQL JDBC Driver
	Database dialect: PostgreSQLDialect
	Database version: 17.4
	Default catalog/schema: practice_ims/public
	Autocommit mode: undefined/unknown
	Isolation level: READ_COMMITTED [default READ_COMMITTED]
	JDBC fetch size: none
	Pool: DataSourceConnectionProvider
	Minimum pool size: undefined/unknown
	Maximum pool size: undefined/unknown
2026-03-20T00:18:27.396+08:00  INFO 13472 --- [Ims_Project] [main] org.hibernate.orm.core                   : HHH000489: No JTA platform available (set 'hibernate.transaction.jta.platform' to enable JTA platform integration)
2026-03-20T00:18:27.431+08:00  INFO 13472 --- [Ims_Project] [main] j.LocalContainerEntityManagerFactoryBean : Initialized JPA EntityManagerFactory for persistence unit 'default'
2026-03-20T00:18:27.491+08:00  INFO 13472 --- [Ims_Project] [main] o.s.d.j.r.query.QueryEnhancerFactories   : Hibernate is in classpath; If applicable, HQL parser will be used.
2026-03-20T00:18:27.669+08:00  WARN 13472 --- [Ims_Project] [main] JpaBaseConfiguration$JpaWebConfiguration : spring.jpa.open-in-view is enabled by default. Therefore, database queries may be performed during view rendering. Explicitly configure spring.jpa.open-in-view to disable this warning
2026-03-20T00:18:28.032+08:00  INFO 13472 --- [Ims_Project] [main] o.s.boot.tomcat.TomcatWebServer          : Tomcat started on port 8081 (http) with context path '/api'
2026-03-20T00:18:28.037+08:00  INFO 13472 --- [Ims_Project] [main] c.p.Ims_Project.ImsProjectApplication    : Started ImsProjectApplication in 3.608 seconds (process running for 3.921)
2026-03-20T00:18:28.040+08:00  WARN 13472 --- [Ims_Project] [main] o.s.core.events.SpringDocAppInitializer  : SpringDoc /v3/api-docs endpoint is enabled by default. To disable it in production, set the property 'springdoc.api-docs.enabled=false'
2026-03-20T00:18:28.041+08:00  WARN 13472 --- [Ims_Project] [main] o.s.core.events.SpringDocAppInitializer  : SpringDoc /swagger-ui.html endpoint is enabled by default. To disable it in production, set the property 'springdoc.swagger-ui.enabled=false'
2026-03-20T00:18:32.745+08:00  INFO 13472 --- [Ims_Project] [http-nio-8081-exec-1] o.a.c.c.C.[Tomcat].[localhost].[/api]    : Initializing Spring DispatcherServlet 'dispatcherServlet'
2026-03-20T00:18:32.746+08:00  INFO 13472 --- [Ims_Project] [http-nio-8081-exec-1] o.s.web.servlet.DispatcherServlet        : Initializing Servlet 'dispatcherServlet'
2026-03-20T00:18:32.748+08:00  INFO 13472 --- [Ims_Project] [http-nio-8081-exec-1] o.s.web.servlet.DispatcherServlet        : Completed initialization in 2 ms
2026-03-20T00:22:51.149+08:00  INFO 13472 --- [Ims_Project] [SpringApplicationShutdownHook] o.s.boot.tomcat.GracefulShutdown         : Commencing graceful shutdown. Waiting for active requests to complete
2026-03-20T00:22:51.160+08:00  INFO 13472 --- [Ims_Project] [tomcat-shutdown] o.s.boot.tomcat.GracefulShutdown         : Graceful shutdown complete
2026-03-20T00:22:51.162+08:00  INFO 13472 --- [Ims_Project] [SpringApplicationShutdownHook] j.LocalContainerEntityManagerFactoryBean : Closing JPA EntityManagerFactory for persistence unit 'default'
2026-03-20T00:22:51.166+08:00  INFO 13472 --- [Ims_Project] [SpringApplicationShutdownHook] com.zaxxer.hikari.HikariDataSource       : HikariPool-1 - Shutdown initiated...
2026-03-20T00:22:51.167+08:00  INFO 13472 --- [Ims_Project] [SpringApplicationShutdownHook] com.zaxxer.hikari.HikariDataSource       : HikariPool-1 - Shutdown completed.
2026-03-20T00:23:03.154+08:00  INFO 27780 --- [Ims_Project] [main] c.p.Ims_Project.ImsProjectApplication    : Starting ImsProjectApplication using Java 21.0.9 with PID 27780 (D:\SpringBoot Projects\IMS_Practice\Ims_Project\Ims_Project\target\classes started by tauki in D:\SpringBoot Projects\IMS_Practice)
2026-03-20T00:23:03.157+08:00  INFO 27780 --- [Ims_Project] [main] c.p.Ims_Project.ImsProjectApplication    : No active profile set, falling back to 1 default profile: "default"
2026-03-20T00:23:03.844+08:00  INFO 27780 --- [Ims_Project] [main] .s.d.r.c.RepositoryConfigurationDelegate : Bootstrapping Spring Data JPA repositories in DEFAULT mode.
2026-03-20T00:23:03.886+08:00  INFO 27780 --- [Ims_Project] [main] .s.d.r.c.RepositoryConfigurationDelegate : Finished Spring Data repository scanning in 34 ms. Found 1 JPA repository interface.
2026-03-20T00:23:04.307+08:00  INFO 27780 --- [Ims_Project] [main] o.s.boot.tomcat.TomcatWebServer          : Tomcat initialized with port 8081 (http)
2026-03-20T00:23:04.319+08:00  INFO 27780 --- [Ims_Project] [main] o.apache.catalina.core.StandardService   : Starting service [Tomcat]
2026-03-20T00:23:04.319+08:00  INFO 27780 --- [Ims_Project] [main] o.apache.catalina.core.StandardEngine    : Starting Servlet engine: [Apache Tomcat/11.0.18]
2026-03-20T00:23:04.369+08:00  INFO 27780 --- [Ims_Project] [main] b.w.c.s.WebApplicationContextInitializer : Root WebApplicationContext: initialization completed in 1172 ms
2026-03-20T00:23:04.529+08:00  INFO 27780 --- [Ims_Project] [main] org.hibernate.orm.jpa                    : HHH008540: Processing PersistenceUnitInfo [name: default]
2026-03-20T00:23:04.581+08:00  INFO 27780 --- [Ims_Project] [main] org.hibernate.orm.core                   : HHH000001: Hibernate ORM core version 7.2.4.Final
2026-03-20T00:23:04.918+08:00  INFO 27780 --- [Ims_Project] [main] o.s.o.j.p.SpringPersistenceUnitInfo      : No LoadTimeWeaver setup: ignoring JPA class transformer
2026-03-20T00:23:04.935+08:00  INFO 27780 --- [Ims_Project] [main] com.zaxxer.hikari.HikariDataSource       : HikariPool-1 - Starting...
2026-03-20T00:23:05.047+08:00  INFO 27780 --- [Ims_Project] [main] com.zaxxer.hikari.pool.HikariPool        : HikariPool-1 - Added connection org.postgresql.jdbc.PgConnection@280d6a20
2026-03-20T00:23:05.048+08:00  INFO 27780 --- [Ims_Project] [main] com.zaxxer.hikari.HikariDataSource       : HikariPool-1 - Start completed.
2026-03-20T00:23:05.092+08:00  INFO 27780 --- [Ims_Project] [main] org.hibernate.orm.connections.pooling    : HHH10001005: Database info:
	Database JDBC URL [jdbc:postgresql://localhost:5432/practice_ims]
	Database driver: PostgreSQL JDBC Driver
	Database dialect: PostgreSQLDialect
	Database version: 17.4
	Default catalog/schema: practice_ims/public
	Autocommit mode: undefined/unknown
	Isolation level: READ_COMMITTED [default READ_COMMITTED]
	JDBC fetch size: none
	Pool: DataSourceConnectionProvider
	Minimum pool size: undefined/unknown
	Maximum pool size: undefined/unknown
2026-03-20T00:23:05.638+08:00  INFO 27780 --- [Ims_Project] [main] org.hibernate.orm.core                   : HHH000489: No JTA platform available (set 'hibernate.transaction.jta.platform' to enable JTA platform integration)
2026-03-20T00:23:05.677+08:00  INFO 27780 --- [Ims_Project] [main] j.LocalContainerEntityManagerFactoryBean : Initialized JPA EntityManagerFactory for persistence unit 'default'
2026-03-20T00:23:05.735+08:00  INFO 27780 --- [Ims_Project] [main] o.s.d.j.r.query.QueryEnhancerFactories   : Hibernate is in classpath; If applicable, HQL parser will be used.
2026-03-20T00:23:05.944+08:00  WARN 27780 --- [Ims_Project] [main] JpaBaseConfiguration$JpaWebConfiguration : spring.jpa.open-in-view is enabled by default. Therefore, database queries may be performed during view rendering. Explicitly configure spring.jpa.open-in-view to disable this warning
2026-03-20T00:23:06.302+08:00  INFO 27780 --- [Ims_Project] [main] o.s.boot.tomcat.TomcatWebServer          : Tomcat started on port 8081 (http) with context path '/api'
2026-03-20T00:23:06.307+08:00  INFO 27780 --- [Ims_Project] [main] c.p.Ims_Project.ImsProjectApplication    : Started ImsProjectApplication in 3.491 seconds (process running for 3.79)
2026-03-20T00:23:06.312+08:00  WARN 27780 --- [Ims_Project] [main] o.s.core.events.SpringDocAppInitializer  : SpringDoc /v3/api-docs endpoint is enabled by default. To disable it in production, set the property 'springdoc.api-docs.enabled=false'
2026-03-20T00:23:06.312+08:00  WARN 27780 --- [Ims_Project] [main] o.s.core.events.SpringDocAppInitializer  : SpringDoc /swagger-ui.html endpoint is enabled by default. To disable it in production, set the property 'springdoc.swagger-ui.enabled=false'
2026-03-20T10:58:54.768+08:00  WARN 27780 --- [Ims_Project] [HikariPool-1:housekeeper] com.zaxxer.hikari.pool.HikariPool        : HikariPool-1 - Thread starvation or clock leap detected (housekeeper delta=10h31m52s448ms286µs600ns).
2026-03-20T10:59:35.073+08:00  INFO 27780 --- [Ims_Project] [SpringApplicationShutdownHook] o.s.boot.tomcat.GracefulShutdown         : Commencing graceful shutdown. Waiting for active requests to complete
2026-03-20T10:59:35.088+08:00  INFO 27780 --- [Ims_Project] [tomcat-shutdown] o.s.boot.tomcat.GracefulShutdown         : Graceful shutdown complete
2026-03-20T10:59:35.092+08:00  INFO 27780 --- [Ims_Project] [SpringApplicationShutdownHook] j.LocalContainerEntityManagerFactoryBean : Closing JPA EntityManagerFactory for persistence unit 'default'
2026-03-20T10:59:35.097+08:00  INFO 27780 --- [Ims_Project] [SpringApplicationShutdownHook] com.zaxxer.hikari.HikariDataSource       : HikariPool-1 - Shutdown initiated...
2026-03-20T10:59:35.101+08:00  INFO 27780 --- [Ims_Project] [SpringApplicationShutdownHook] com.zaxxer.hikari.HikariDataSource       : HikariPool-1 - Shutdown completed.
2026-03-20T10:59:36.641+08:00  INFO 52192 --- [Ims_Project] [main] c.p.Ims_Project.ImsProjectApplication    : Starting ImsProjectApplication using Java 21.0.9 with PID 52192 (D:\SpringBoot Projects\IMS_Practice\Ims_Project\Ims_Project\target\classes started by tauki in D:\SpringBoot Projects\IMS_Practice)
2026-03-20T10:59:36.644+08:00  INFO 52192 --- [Ims_Project] [main] c.p.Ims_Project.ImsProjectApplication    : No active profile set, falling back to 1 default profile: "default"
2026-03-20T10:59:37.294+08:00  INFO 52192 --- [Ims_Project] [main] .s.d.r.c.RepositoryConfigurationDelegate : Bootstrapping Spring Data JPA repositories in DEFAULT mode.
2026-03-20T10:59:37.336+08:00  INFO 52192 --- [Ims_Project] [main] .s.d.r.c.RepositoryConfigurationDelegate : Finished Spring Data repository scanning in 35 ms. Found 1 JPA repository interface.
2026-03-20T10:59:37.840+08:00  INFO 52192 --- [Ims_Project] [main] o.s.boot.tomcat.TomcatWebServer          : Tomcat initialized with port 8081 (http)
2026-03-20T10:59:37.852+08:00  INFO 52192 --- [Ims_Project] [main] o.apache.catalina.core.StandardService   : Starting service [Tomcat]
2026-03-20T10:59:37.853+08:00  INFO 52192 --- [Ims_Project] [main] o.apache.catalina.core.StandardEngine    : Starting Servlet engine: [Apache Tomcat/11.0.18]
2026-03-20T10:59:37.913+08:00  INFO 52192 --- [Ims_Project] [main] b.w.c.s.WebApplicationContextInitializer : Root WebApplicationContext: initialization completed in 1230 ms
2026-03-20T10:59:38.091+08:00  INFO 52192 --- [Ims_Project] [main] org.hibernate.orm.jpa                    : HHH008540: Processing PersistenceUnitInfo [name: default]
2026-03-20T10:59:38.138+08:00  INFO 52192 --- [Ims_Project] [main] org.hibernate.orm.core                   : HHH000001: Hibernate ORM core version 7.2.4.Final
2026-03-20T10:59:38.508+08:00  INFO 52192 --- [Ims_Project] [main] o.s.o.j.p.SpringPersistenceUnitInfo      : No LoadTimeWeaver setup: ignoring JPA class transformer
2026-03-20T10:59:38.533+08:00  INFO 52192 --- [Ims_Project] [main] com.zaxxer.hikari.HikariDataSource       : HikariPool-1 - Starting...
2026-03-20T10:59:38.675+08:00  INFO 52192 --- [Ims_Project] [main] com.zaxxer.hikari.pool.HikariPool        : HikariPool-1 - Added connection org.postgresql.jdbc.PgConnection@141dfcf9
2026-03-20T10:59:38.676+08:00  INFO 52192 --- [Ims_Project] [main] com.zaxxer.hikari.HikariDataSource       : HikariPool-1 - Start completed.
2026-03-20T10:59:38.733+08:00  INFO 52192 --- [Ims_Project] [main] org.hibernate.orm.connections.pooling    : HHH10001005: Database info:
	Database JDBC URL [jdbc:postgresql://localhost:5432/practice_ims]
	Database driver: PostgreSQL JDBC Driver
	Database dialect: PostgreSQLDialect
	Database version: 17.4
	Default catalog/schema: practice_ims/public
	Autocommit mode: undefined/unknown
	Isolation level: READ_COMMITTED [default READ_COMMITTED]
	JDBC fetch size: none
	Pool: DataSourceConnectionProvider
	Minimum pool size: undefined/unknown
	Maximum pool size: undefined/unknown
2026-03-20T10:59:39.403+08:00  INFO 52192 --- [Ims_Project] [main] org.hibernate.orm.core                   : HHH000489: No JTA platform available (set 'hibernate.transaction.jta.platform' to enable JTA platform integration)
2026-03-20T10:59:39.451+08:00  INFO 52192 --- [Ims_Project] [main] j.LocalContainerEntityManagerFactoryBean : Initialized JPA EntityManagerFactory for persistence unit 'default'
2026-03-20T10:59:39.522+08:00  INFO 52192 --- [Ims_Project] [main] o.s.d.j.r.query.QueryEnhancerFactories   : Hibernate is in classpath; If applicable, HQL parser will be used.
2026-03-20T10:59:39.750+08:00  WARN 52192 --- [Ims_Project] [main] JpaBaseConfiguration$JpaWebConfiguration : spring.jpa.open-in-view is enabled by default. Therefore, database queries may be performed during view rendering. Explicitly configure spring.jpa.open-in-view to disable this warning
2026-03-20T10:59:40.139+08:00  INFO 52192 --- [Ims_Project] [main] o.s.boot.tomcat.TomcatWebServer          : Tomcat started on port 8081 (http) with context path '/api'
2026-03-20T10:59:40.146+08:00  INFO 52192 --- [Ims_Project] [main] c.p.Ims_Project.ImsProjectApplication    : Started ImsProjectApplication in 3.856 seconds (process running for 4.243)
2026-03-20T10:59:40.151+08:00  WARN 52192 --- [Ims_Project] [main] o.s.core.events.SpringDocAppInitializer  : SpringDoc /v3/api-docs endpoint is enabled by default. To disable it in production, set the property 'springdoc.api-docs.enabled=false'
2026-03-20T10:59:40.151+08:00  WARN 52192 --- [Ims_Project] [main] o.s.core.events.SpringDocAppInitializer  : SpringDoc /swagger-ui.html endpoint is enabled by default. To disable it in production, set the property 'springdoc.swagger-ui.enabled=false'
2026-03-20T10:59:46.887+08:00  INFO 52192 --- [Ims_Project] [http-nio-8081-exec-2] o.a.c.c.C.[Tomcat].[localhost].[/api]    : Initializing Spring DispatcherServlet 'dispatcherServlet'
2026-03-20T10:59:46.887+08:00  INFO 52192 --- [Ims_Project] [http-nio-8081-exec-2] o.s.web.servlet.DispatcherServlet        : Initializing Servlet 'dispatcherServlet'
2026-03-20T10:59:46.888+08:00  INFO 52192 --- [Ims_Project] [http-nio-8081-exec-2] o.s.web.servlet.DispatcherServlet        : Completed initialization in 1 ms
2026-03-20T11:00:55.547+08:00  INFO 52192 --- [Ims_Project] [SpringApplicationShutdownHook] o.s.boot.tomcat.GracefulShutdown         : Commencing graceful shutdown. Waiting for active requests to complete
2026-03-20T11:00:55.559+08:00  INFO 52192 --- [Ims_Project] [tomcat-shutdown] o.s.boot.tomcat.GracefulShutdown         : Graceful shutdown complete
2026-03-20T11:00:55.562+08:00  INFO 52192 --- [Ims_Project] [SpringApplicationShutdownHook] j.LocalContainerEntityManagerFactoryBean : Closing JPA EntityManagerFactory for persistence unit 'default'
2026-03-20T11:00:55.563+08:00  INFO 52192 --- [Ims_Project] [SpringApplicationShutdownHook] com.zaxxer.hikari.HikariDataSource       : HikariPool-1 - Shutdown initiated...
2026-03-20T11:00:55.566+08:00  INFO 52192 --- [Ims_Project] [SpringApplicationShutdownHook] com.zaxxer.hikari.HikariDataSource       : HikariPool-1 - Shutdown completed.
2026-03-20T11:00:58.020+08:00  INFO 24040 --- [Ims_Project] [main] c.p.Ims_Project.ImsProjectApplication    : Starting ImsProjectApplication using Java 21.0.9 with PID 24040 (D:\SpringBoot Projects\IMS_Practice\Ims_Project\Ims_Project\target\classes started by tauki in D:\SpringBoot Projects\IMS_Practice)
2026-03-20T11:00:58.022+08:00  INFO 24040 --- [Ims_Project] [main] c.p.Ims_Project.ImsProjectApplication    : No active profile set, falling back to 1 default profile: "default"
2026-03-20T11:00:58.666+08:00  INFO 24040 --- [Ims_Project] [main] .s.d.r.c.RepositoryConfigurationDelegate : Bootstrapping Spring Data JPA repositories in DEFAULT mode.
2026-03-20T11:00:58.710+08:00  INFO 24040 --- [Ims_Project] [main] .s.d.r.c.RepositoryConfigurationDelegate : Finished Spring Data repository scanning in 36 ms. Found 1 JPA repository interface.
2026-03-20T11:00:59.125+08:00  INFO 24040 --- [Ims_Project] [main] o.s.boot.tomcat.TomcatWebServer          : Tomcat initialized with port 8081 (http)
2026-03-20T11:00:59.134+08:00  INFO 24040 --- [Ims_Project] [main] o.apache.catalina.core.StandardService   : Starting service [Tomcat]
2026-03-20T11:00:59.134+08:00  INFO 24040 --- [Ims_Project] [main] o.apache.catalina.core.StandardEngine    : Starting Servlet engine: [Apache Tomcat/11.0.18]
2026-03-20T11:00:59.181+08:00  INFO 24040 --- [Ims_Project] [main] b.w.c.s.WebApplicationContextInitializer : Root WebApplicationContext: initialization completed in 1119 ms
2026-03-20T11:00:59.325+08:00  INFO 24040 --- [Ims_Project] [main] org.hibernate.orm.jpa                    : HHH008540: Processing PersistenceUnitInfo [name: default]
2026-03-20T11:00:59.378+08:00  INFO 24040 --- [Ims_Project] [main] org.hibernate.orm.core                   : HHH000001: Hibernate ORM core version 7.2.4.Final
2026-03-20T11:00:59.722+08:00  INFO 24040 --- [Ims_Project] [main] o.s.o.j.p.SpringPersistenceUnitInfo      : No LoadTimeWeaver setup: ignoring JPA class transformer
2026-03-20T11:00:59.742+08:00  INFO 24040 --- [Ims_Project] [main] com.zaxxer.hikari.HikariDataSource       : HikariPool-1 - Starting...
2026-03-20T11:00:59.855+08:00  INFO 24040 --- [Ims_Project] [main] com.zaxxer.hikari.pool.HikariPool        : HikariPool-1 - Added connection org.postgresql.jdbc.PgConnection@280d6a20
2026-03-20T11:00:59.856+08:00  INFO 24040 --- [Ims_Project] [main] com.zaxxer.hikari.HikariDataSource       : HikariPool-1 - Start completed.
2026-03-20T11:00:59.902+08:00  INFO 24040 --- [Ims_Project] [main] org.hibernate.orm.connections.pooling    : HHH10001005: Database info:
	Database JDBC URL [jdbc:postgresql://localhost:5432/practice_ims]
	Database driver: PostgreSQL JDBC Driver
	Database dialect: PostgreSQLDialect
	Database version: 17.4
	Default catalog/schema: practice_ims/public
	Autocommit mode: undefined/unknown
	Isolation level: READ_COMMITTED [default READ_COMMITTED]
	JDBC fetch size: none
	Pool: DataSourceConnectionProvider
	Minimum pool size: undefined/unknown
	Maximum pool size: undefined/unknown
2026-03-20T11:01:00.430+08:00  INFO 24040 --- [Ims_Project] [main] org.hibernate.orm.core                   : HHH000489: No JTA platform available (set 'hibernate.transaction.jta.platform' to enable JTA platform integration)
2026-03-20T11:01:00.469+08:00  INFO 24040 --- [Ims_Project] [main] j.LocalContainerEntityManagerFactoryBean : Initialized JPA EntityManagerFactory for persistence unit 'default'
2026-03-20T11:01:00.522+08:00  INFO 24040 --- [Ims_Project] [main] o.s.d.j.r.query.QueryEnhancerFactories   : Hibernate is in classpath; If applicable, HQL parser will be used.
2026-03-20T11:01:00.709+08:00  WARN 24040 --- [Ims_Project] [main] JpaBaseConfiguration$JpaWebConfiguration : spring.jpa.open-in-view is enabled by default. Therefore, database queries may be performed during view rendering. Explicitly configure spring.jpa.open-in-view to disable this warning
2026-03-20T11:01:01.074+08:00  INFO 24040 --- [Ims_Project] [main] o.s.boot.tomcat.TomcatWebServer          : Tomcat started on port 8081 (http) with context path '/api'
2026-03-20T11:01:01.080+08:00  INFO 24040 --- [Ims_Project] [main] c.p.Ims_Project.ImsProjectApplication    : Started ImsProjectApplication in 3.387 seconds (process running for 3.687)
2026-03-20T11:01:01.083+08:00  WARN 24040 --- [Ims_Project] [main] o.s.core.events.SpringDocAppInitializer  : SpringDoc /v3/api-docs endpoint is enabled by default. To disable it in production, set the property 'springdoc.api-docs.enabled=false'
2026-03-20T11:01:01.083+08:00  WARN 24040 --- [Ims_Project] [main] o.s.core.events.SpringDocAppInitializer  : SpringDoc /swagger-ui.html endpoint is enabled by default. To disable it in production, set the property 'springdoc.swagger-ui.enabled=false'
2026-03-20T11:01:14.139+08:00  INFO 24040 --- [Ims_Project] [http-nio-8081-exec-3] o.a.c.c.C.[Tomcat].[localhost].[/api]    : Initializing Spring DispatcherServlet 'dispatcherServlet'
2026-03-20T11:01:14.139+08:00  INFO 24040 --- [Ims_Project] [http-nio-8081-exec-3] o.s.web.servlet.DispatcherServlet        : Initializing Servlet 'dispatcherServlet'
2026-03-20T11:01:14.140+08:00  INFO 24040 --- [Ims_Project] [http-nio-8081-exec-3] o.s.web.servlet.DispatcherServlet        : Completed initialization in 1 ms
2026-03-20T11:06:13.684+08:00  INFO 24040 --- [Ims_Project] [SpringApplicationShutdownHook] o.s.boot.tomcat.GracefulShutdown         : Commencing graceful shutdown. Waiting for active requests to complete
2026-03-20T11:06:13.697+08:00  INFO 24040 --- [Ims_Project] [tomcat-shutdown] o.s.boot.tomcat.GracefulShutdown         : Graceful shutdown complete
2026-03-20T11:06:13.699+08:00  INFO 24040 --- [Ims_Project] [SpringApplicationShutdownHook] j.LocalContainerEntityManagerFactoryBean : Closing JPA EntityManagerFactory for persistence unit 'default'
2026-03-20T11:06:13.701+08:00  INFO 24040 --- [Ims_Project] [SpringApplicationShutdownHook] com.zaxxer.hikari.HikariDataSource       : HikariPool-1 - Shutdown initiated...
2026-03-20T11:06:13.704+08:00  INFO 24040 --- [Ims_Project] [SpringApplicationShutdownHook] com.zaxxer.hikari.HikariDataSource       : HikariPool-1 - Shutdown completed.
2026-03-20T11:06:25.044+08:00  INFO 10748 --- [Ims_Project] [main] c.p.Ims_Project.ImsProjectApplication    : Starting ImsProjectApplication using Java 21.0.9 with PID 10748 (D:\SpringBoot Projects\IMS_Practice\Ims_Project\Ims_Project\target\classes started by tauki in D:\SpringBoot Projects\IMS_Practice)
2026-03-20T11:06:25.047+08:00  INFO 10748 --- [Ims_Project] [main] c.p.Ims_Project.ImsProjectApplication    : No active profile set, falling back to 1 default profile: "default"
2026-03-20T11:06:25.726+08:00  INFO 10748 --- [Ims_Project] [main] .s.d.r.c.RepositoryConfigurationDelegate : Bootstrapping Spring Data JPA repositories in DEFAULT mode.
2026-03-20T11:06:25.771+08:00  INFO 10748 --- [Ims_Project] [main] .s.d.r.c.RepositoryConfigurationDelegate : Finished Spring Data repository scanning in 37 ms. Found 1 JPA repository interface.
2026-03-20T11:06:26.182+08:00  INFO 10748 --- [Ims_Project] [main] o.s.boot.tomcat.TomcatWebServer          : Tomcat initialized with port 8081 (http)
2026-03-20T11:06:26.191+08:00  INFO 10748 --- [Ims_Project] [main] o.apache.catalina.core.StandardService   : Starting service [Tomcat]
2026-03-20T11:06:26.191+08:00  INFO 10748 --- [Ims_Project] [main] o.apache.catalina.core.StandardEngine    : Starting Servlet engine: [Apache Tomcat/11.0.18]
2026-03-20T11:06:26.235+08:00  INFO 10748 --- [Ims_Project] [main] b.w.c.s.WebApplicationContextInitializer : Root WebApplicationContext: initialization completed in 1152 ms
2026-03-20T11:06:26.373+08:00  INFO 10748 --- [Ims_Project] [main] org.hibernate.orm.jpa                    : HHH008540: Processing PersistenceUnitInfo [name: default]
2026-03-20T11:06:26.438+08:00  INFO 10748 --- [Ims_Project] [main] org.hibernate.orm.core                   : HHH000001: Hibernate ORM core version 7.2.4.Final
2026-03-20T11:06:26.763+08:00  INFO 10748 --- [Ims_Project] [main] o.s.o.j.p.SpringPersistenceUnitInfo      : No LoadTimeWeaver setup: ignoring JPA class transformer
2026-03-20T11:06:26.779+08:00  INFO 10748 --- [Ims_Project] [main] com.zaxxer.hikari.HikariDataSource       : HikariPool-1 - Starting...
2026-03-20T11:06:26.889+08:00  INFO 10748 --- [Ims_Project] [main] com.zaxxer.hikari.pool.HikariPool        : HikariPool-1 - Added connection org.postgresql.jdbc.PgConnection@141dfcf9
2026-03-20T11:06:26.891+08:00  INFO 10748 --- [Ims_Project] [main] com.zaxxer.hikari.HikariDataSource       : HikariPool-1 - Start completed.
2026-03-20T11:06:26.931+08:00  INFO 10748 --- [Ims_Project] [main] org.hibernate.orm.connections.pooling    : HHH10001005: Database info:
	Database JDBC URL [jdbc:postgresql://localhost:5432/practice_ims]
	Database driver: PostgreSQL JDBC Driver
	Database dialect: PostgreSQLDialect
	Database version: 17.4
	Default catalog/schema: practice_ims/public
	Autocommit mode: undefined/unknown
	Isolation level: READ_COMMITTED [default READ_COMMITTED]
	JDBC fetch size: none
	Pool: DataSourceConnectionProvider
	Minimum pool size: undefined/unknown
	Maximum pool size: undefined/unknown
2026-03-20T11:06:27.465+08:00  INFO 10748 --- [Ims_Project] [main] org.hibernate.orm.core                   : HHH000489: No JTA platform available (set 'hibernate.transaction.jta.platform' to enable JTA platform integration)
2026-03-20T11:06:27.500+08:00  INFO 10748 --- [Ims_Project] [main] j.LocalContainerEntityManagerFactoryBean : Initialized JPA EntityManagerFactory for persistence unit 'default'
2026-03-20T11:06:27.560+08:00  INFO 10748 --- [Ims_Project] [main] o.s.d.j.r.query.QueryEnhancerFactories   : Hibernate is in classpath; If applicable, HQL parser will be used.
2026-03-20T11:06:27.743+08:00  WARN 10748 --- [Ims_Project] [main] JpaBaseConfiguration$JpaWebConfiguration : spring.jpa.open-in-view is enabled by default. Therefore, database queries may be performed during view rendering. Explicitly configure spring.jpa.open-in-view to disable this warning
2026-03-20T11:06:28.108+08:00  INFO 10748 --- [Ims_Project] [main] o.s.boot.tomcat.TomcatWebServer          : Tomcat started on port 8081 (http) with context path '/api'
2026-03-20T11:06:28.114+08:00  INFO 10748 --- [Ims_Project] [main] c.p.Ims_Project.ImsProjectApplication    : Started ImsProjectApplication in 3.392 seconds (process running for 3.703)
2026-03-20T11:06:28.119+08:00  WARN 10748 --- [Ims_Project] [main] o.s.core.events.SpringDocAppInitializer  : SpringDoc /v3/api-docs endpoint is enabled by default. To disable it in production, set the property 'springdoc.api-docs.enabled=false'
2026-03-20T11:06:28.119+08:00  WARN 10748 --- [Ims_Project] [main] o.s.core.events.SpringDocAppInitializer  : SpringDoc /swagger-ui.html endpoint is enabled by default. To disable it in production, set the property 'springdoc.swagger-ui.enabled=false'
2026-03-20T11:06:28.324+08:00  INFO 10748 --- [Ims_Project] [http-nio-8081-exec-1] o.a.c.c.C.[Tomcat].[localhost].[/api]    : Initializing Spring DispatcherServlet 'dispatcherServlet'
2026-03-20T11:06:28.324+08:00  INFO 10748 --- [Ims_Project] [http-nio-8081-exec-1] o.s.web.servlet.DispatcherServlet        : Initializing Servlet 'dispatcherServlet'
2026-03-20T11:06:28.326+08:00  INFO 10748 --- [Ims_Project] [http-nio-8081-exec-1] o.s.web.servlet.DispatcherServlet        : Completed initialization in 1 ms
2026-03-20T11:07:09.496+08:00  INFO 10748 --- [Ims_Project] [http-nio-8081-exec-10] o.springdoc.api.AbstractOpenApiResource  : Init duration for springdoc-openapi is: 196 ms
2026-03-20T11:07:32.263+08:00  INFO 10748 --- [Ims_Project] [SpringApplicationShutdownHook] o.s.boot.tomcat.GracefulShutdown         : Commencing graceful shutdown. Waiting for active requests to complete
2026-03-20T11:07:32.276+08:00  INFO 10748 --- [Ims_Project] [tomcat-shutdown] o.s.boot.tomcat.GracefulShutdown         : Graceful shutdown complete
2026-03-20T11:07:32.278+08:00  INFO 10748 --- [Ims_Project] [SpringApplicationShutdownHook] j.LocalContainerEntityManagerFactoryBean : Closing JPA EntityManagerFactory for persistence unit 'default'
2026-03-20T11:07:32.280+08:00  INFO 10748 --- [Ims_Project] [SpringApplicationShutdownHook] com.zaxxer.hikari.HikariDataSource       : HikariPool-1 - Shutdown initiated...
2026-03-20T11:07:32.282+08:00  INFO 10748 --- [Ims_Project] [SpringApplicationShutdownHook] com.zaxxer.hikari.HikariDataSource       : HikariPool-1 - Shutdown completed.
2026-03-20T11:07:34.560+08:00  INFO 46568 --- [Ims_Project] [main] c.p.Ims_Project.ImsProjectApplication    : Starting ImsProjectApplication using Java 21.0.9 with PID 46568 (D:\SpringBoot Projects\IMS_Practice\Ims_Project\Ims_Project\target\classes started by tauki in D:\SpringBoot Projects\IMS_Practice)
2026-03-20T11:07:34.563+08:00  INFO 46568 --- [Ims_Project] [main] c.p.Ims_Project.ImsProjectApplication    : No active profile set, falling back to 1 default profile: "default"
2026-03-20T11:07:35.165+08:00  INFO 46568 --- [Ims_Project] [main] .s.d.r.c.RepositoryConfigurationDelegate : Bootstrapping Spring Data JPA repositories in DEFAULT mode.
2026-03-20T11:07:35.211+08:00  INFO 46568 --- [Ims_Project] [main] .s.d.r.c.RepositoryConfigurationDelegate : Finished Spring Data repository scanning in 38 ms. Found 1 JPA repository interface.
2026-03-20T11:07:35.655+08:00  INFO 46568 --- [Ims_Project] [main] o.s.boot.tomcat.TomcatWebServer          : Tomcat initialized with port 8081 (http)
2026-03-20T11:07:35.667+08:00  INFO 46568 --- [Ims_Project] [main] o.apache.catalina.core.StandardService   : Starting service [Tomcat]
2026-03-20T11:07:35.668+08:00  INFO 46568 --- [Ims_Project] [main] o.apache.catalina.core.StandardEngine    : Starting Servlet engine: [Apache Tomcat/11.0.18]
2026-03-20T11:07:35.726+08:00  INFO 46568 --- [Ims_Project] [main] b.w.c.s.WebApplicationContextInitializer : Root WebApplicationContext: initialization completed in 1123 ms
2026-03-20T11:07:35.922+08:00  INFO 46568 --- [Ims_Project] [main] org.hibernate.orm.jpa                    : HHH008540: Processing PersistenceUnitInfo [name: default]
2026-03-20T11:07:35.995+08:00  INFO 46568 --- [Ims_Project] [main] org.hibernate.orm.core                   : HHH000001: Hibernate ORM core version 7.2.4.Final
2026-03-20T11:07:36.370+08:00  INFO 46568 --- [Ims_Project] [main] o.s.o.j.p.SpringPersistenceUnitInfo      : No LoadTimeWeaver setup: ignoring JPA class transformer
2026-03-20T11:07:36.388+08:00  INFO 46568 --- [Ims_Project] [main] com.zaxxer.hikari.HikariDataSource       : HikariPool-1 - Starting...
2026-03-20T11:07:36.506+08:00  INFO 46568 --- [Ims_Project] [main] com.zaxxer.hikari.pool.HikariPool        : HikariPool-1 - Added connection org.postgresql.jdbc.PgConnection@23ec63af
2026-03-20T11:07:36.508+08:00  INFO 46568 --- [Ims_Project] [main] com.zaxxer.hikari.HikariDataSource       : HikariPool-1 - Start completed.
2026-03-20T11:07:36.553+08:00  INFO 46568 --- [Ims_Project] [main] org.hibernate.orm.connections.pooling    : HHH10001005: Database info:
	Database JDBC URL [jdbc:postgresql://localhost:5432/practice_ims]
	Database driver: PostgreSQL JDBC Driver
	Database dialect: PostgreSQLDialect
	Database version: 17.4
	Default catalog/schema: practice_ims/public
	Autocommit mode: undefined/unknown
	Isolation level: READ_COMMITTED [default READ_COMMITTED]
	JDBC fetch size: none
	Pool: DataSourceConnectionProvider
	Minimum pool size: undefined/unknown
	Maximum pool size: undefined/unknown
2026-03-20T11:07:37.106+08:00  INFO 46568 --- [Ims_Project] [main] org.hibernate.orm.core                   : HHH000489: No JTA platform available (set 'hibernate.transaction.jta.platform' to enable JTA platform integration)
2026-03-20T11:07:37.145+08:00  INFO 46568 --- [Ims_Project] [main] j.LocalContainerEntityManagerFactoryBean : Initialized JPA EntityManagerFactory for persistence unit 'default'
2026-03-20T11:07:37.226+08:00  INFO 46568 --- [Ims_Project] [main] o.s.d.j.r.query.QueryEnhancerFactories   : Hibernate is in classpath; If applicable, HQL parser will be used.
2026-03-20T11:07:37.510+08:00  WARN 46568 --- [Ims_Project] [main] JpaBaseConfiguration$JpaWebConfiguration : spring.jpa.open-in-view is enabled by default. Therefore, database queries may be performed during view rendering. Explicitly configure spring.jpa.open-in-view to disable this warning
2026-03-20T11:07:38.012+08:00  INFO 46568 --- [Ims_Project] [main] o.s.boot.tomcat.TomcatWebServer          : Tomcat started on port 8081 (http) with context path '/api'
2026-03-20T11:07:38.018+08:00  INFO 46568 --- [Ims_Project] [main] c.p.Ims_Project.ImsProjectApplication    : Started ImsProjectApplication in 3.777 seconds (process running for 4.09)
2026-03-20T11:07:38.021+08:00  WARN 46568 --- [Ims_Project] [main] o.s.core.events.SpringDocAppInitializer  : SpringDoc /v3/api-docs endpoint is enabled by default. To disable it in production, set the property 'springdoc.api-docs.enabled=false'
2026-03-20T11:07:38.021+08:00  WARN 46568 --- [Ims_Project] [main] o.s.core.events.SpringDocAppInitializer  : SpringDoc /swagger-ui.html endpoint is enabled by default. To disable it in production, set the property 'springdoc.swagger-ui.enabled=false'
2026-03-20T11:07:39.840+08:00  INFO 46568 --- [Ims_Project] [http-nio-8081-exec-1] o.a.c.c.C.[Tomcat].[localhost].[/api]    : Initializing Spring DispatcherServlet 'dispatcherServlet'
2026-03-20T11:07:39.840+08:00  INFO 46568 --- [Ims_Project] [http-nio-8081-exec-1] o.s.web.servlet.DispatcherServlet        : Initializing Servlet 'dispatcherServlet'
2026-03-20T11:07:39.842+08:00  INFO 46568 --- [Ims_Project] [http-nio-8081-exec-1] o.s.web.servlet.DispatcherServlet        : Completed initialization in 1 ms
2026-03-20T11:07:40.132+08:00  INFO 46568 --- [Ims_Project] [http-nio-8081-exec-1] o.springdoc.api.AbstractOpenApiResource  : Init duration for springdoc-openapi is: 232 ms
2026-03-20T11:08:29.320+08:00  INFO 46568 --- [Ims_Project] [SpringApplicationShutdownHook] o.s.boot.tomcat.GracefulShutdown         : Commencing graceful shutdown. Waiting for active requests to complete
2026-03-20T11:08:29.334+08:00  INFO 46568 --- [Ims_Project] [tomcat-shutdown] o.s.boot.tomcat.GracefulShutdown         : Graceful shutdown complete
2026-03-20T11:08:29.336+08:00  INFO 46568 --- [Ims_Project] [SpringApplicationShutdownHook] j.LocalContainerEntityManagerFactoryBean : Closing JPA EntityManagerFactory for persistence unit 'default'
2026-03-20T11:08:29.337+08:00  INFO 46568 --- [Ims_Project] [SpringApplicationShutdownHook] com.zaxxer.hikari.HikariDataSource       : HikariPool-1 - Shutdown initiated...
2026-03-20T11:08:29.340+08:00  INFO 46568 --- [Ims_Project] [SpringApplicationShutdownHook] com.zaxxer.hikari.HikariDataSource       : HikariPool-1 - Shutdown completed.
2026-03-20T11:08:36.263+08:00  INFO 52212 --- [Ims_Project] [main] c.p.Ims_Project.ImsProjectApplication    : Starting ImsProjectApplication using Java 21.0.9 with PID 52212 (D:\SpringBoot Projects\IMS_Practice\Ims_Project\Ims_Project\target\classes started by tauki in D:\SpringBoot Projects\IMS_Practice)
2026-03-20T11:08:36.266+08:00  INFO 52212 --- [Ims_Project] [main] c.p.Ims_Project.ImsProjectApplication    : No active profile set, falling back to 1 default profile: "default"
2026-03-20T11:08:36.922+08:00  INFO 52212 --- [Ims_Project] [main] .s.d.r.c.RepositoryConfigurationDelegate : Bootstrapping Spring Data JPA repositories in DEFAULT mode.
2026-03-20T11:08:36.972+08:00  INFO 52212 --- [Ims_Project] [main] .s.d.r.c.RepositoryConfigurationDelegate : Finished Spring Data repository scanning in 41 ms. Found 1 JPA repository interface.
2026-03-20T11:08:37.417+08:00  INFO 52212 --- [Ims_Project] [main] o.s.boot.tomcat.TomcatWebServer          : Tomcat initialized with port 8081 (http)
2026-03-20T11:08:37.427+08:00  INFO 52212 --- [Ims_Project] [main] o.apache.catalina.core.StandardService   : Starting service [Tomcat]
2026-03-20T11:08:37.427+08:00  INFO 52212 --- [Ims_Project] [main] o.apache.catalina.core.StandardEngine    : Starting Servlet engine: [Apache Tomcat/11.0.18]
2026-03-20T11:08:37.478+08:00  INFO 52212 --- [Ims_Project] [main] b.w.c.s.WebApplicationContextInitializer : Root WebApplicationContext: initialization completed in 1169 ms
2026-03-20T11:08:37.631+08:00  INFO 52212 --- [Ims_Project] [main] org.hibernate.orm.jpa                    : HHH008540: Processing PersistenceUnitInfo [name: default]
2026-03-20T11:08:37.697+08:00  INFO 52212 --- [Ims_Project] [main] org.hibernate.orm.core                   : HHH000001: Hibernate ORM core version 7.2.4.Final
2026-03-20T11:08:38.054+08:00  INFO 52212 --- [Ims_Project] [main] o.s.o.j.p.SpringPersistenceUnitInfo      : No LoadTimeWeaver setup: ignoring JPA class transformer
2026-03-20T11:08:38.071+08:00  INFO 52212 --- [Ims_Project] [main] com.zaxxer.hikari.HikariDataSource       : HikariPool-1 - Starting...
2026-03-20T11:08:38.182+08:00  INFO 52212 --- [Ims_Project] [main] com.zaxxer.hikari.pool.HikariPool        : HikariPool-1 - Added connection org.postgresql.jdbc.PgConnection@3b347439
2026-03-20T11:08:38.183+08:00  INFO 52212 --- [Ims_Project] [main] com.zaxxer.hikari.HikariDataSource       : HikariPool-1 - Start completed.
2026-03-20T11:08:38.228+08:00  INFO 52212 --- [Ims_Project] [main] org.hibernate.orm.connections.pooling    : HHH10001005: Database info:
	Database JDBC URL [jdbc:postgresql://localhost:5432/practice_ims]
	Database driver: PostgreSQL JDBC Driver
	Database dialect: PostgreSQLDialect
	Database version: 17.4
	Default catalog/schema: practice_ims/public
	Autocommit mode: undefined/unknown
	Isolation level: READ_COMMITTED [default READ_COMMITTED]
	JDBC fetch size: none
	Pool: DataSourceConnectionProvider
	Minimum pool size: undefined/unknown
	Maximum pool size: undefined/unknown
2026-03-20T11:08:38.746+08:00  INFO 52212 --- [Ims_Project] [main] org.hibernate.orm.core                   : HHH000489: No JTA platform available (set 'hibernate.transaction.jta.platform' to enable JTA platform integration)
2026-03-20T11:08:38.783+08:00  INFO 52212 --- [Ims_Project] [main] j.LocalContainerEntityManagerFactoryBean : Initialized JPA EntityManagerFactory for persistence unit 'default'
2026-03-20T11:08:38.838+08:00  INFO 52212 --- [Ims_Project] [main] o.s.d.j.r.query.QueryEnhancerFactories   : Hibernate is in classpath; If applicable, HQL parser will be used.
2026-03-20T11:08:39.094+08:00  WARN 52212 --- [Ims_Project] [main] JpaBaseConfiguration$JpaWebConfiguration : spring.jpa.open-in-view is enabled by default. Therefore, database queries may be performed during view rendering. Explicitly configure spring.jpa.open-in-view to disable this warning
2026-03-20T11:08:39.518+08:00  INFO 52212 --- [Ims_Project] [main] o.s.boot.tomcat.TomcatWebServer          : Tomcat started on port 8081 (http) with context path '/api'
2026-03-20T11:08:39.523+08:00  INFO 52212 --- [Ims_Project] [main] c.p.Ims_Project.ImsProjectApplication    : Started ImsProjectApplication in 3.591 seconds (process running for 3.897)
2026-03-20T11:08:39.527+08:00  WARN 52212 --- [Ims_Project] [main] o.s.core.events.SpringDocAppInitializer  : SpringDoc /v3/api-docs endpoint is enabled by default. To disable it in production, set the property 'springdoc.api-docs.enabled=false'
2026-03-20T11:08:39.527+08:00  WARN 52212 --- [Ims_Project] [main] o.s.core.events.SpringDocAppInitializer  : SpringDoc /swagger-ui.html endpoint is enabled by default. To disable it in production, set the property 'springdoc.swagger-ui.enabled=false'
2026-03-20T11:08:42.179+08:00  INFO 52212 --- [Ims_Project] [http-nio-8081-exec-1] o.a.c.c.C.[Tomcat].[localhost].[/api]    : Initializing Spring DispatcherServlet 'dispatcherServlet'
2026-03-20T11:08:42.179+08:00  INFO 52212 --- [Ims_Project] [http-nio-8081-exec-1] o.s.web.servlet.DispatcherServlet        : Initializing Servlet 'dispatcherServlet'
2026-03-20T11:08:42.181+08:00  INFO 52212 --- [Ims_Project] [http-nio-8081-exec-1] o.s.web.servlet.DispatcherServlet        : Completed initialization in 2 ms
2026-03-20T11:08:42.466+08:00  INFO 52212 --- [Ims_Project] [http-nio-8081-exec-1] o.springdoc.api.AbstractOpenApiResource  : Init duration for springdoc-openapi is: 215 ms
2026-03-20T11:12:19.642+08:00  INFO 52212 --- [Ims_Project] [SpringApplicationShutdownHook] o.s.boot.tomcat.GracefulShutdown         : Commencing graceful shutdown. Waiting for active requests to complete
2026-03-20T11:12:19.653+08:00  INFO 52212 --- [Ims_Project] [tomcat-shutdown] o.s.boot.tomcat.GracefulShutdown         : Graceful shutdown complete
2026-03-20T11:12:19.655+08:00  INFO 52212 --- [Ims_Project] [SpringApplicationShutdownHook] j.LocalContainerEntityManagerFactoryBean : Closing JPA EntityManagerFactory for persistence unit 'default'
2026-03-20T11:12:19.657+08:00  INFO 52212 --- [Ims_Project] [SpringApplicationShutdownHook] com.zaxxer.hikari.HikariDataSource       : HikariPool-1 - Shutdown initiated...
2026-03-20T11:12:19.659+08:00  INFO 52212 --- [Ims_Project] [SpringApplicationShutdownHook] com.zaxxer.hikari.HikariDataSource       : HikariPool-1 - Shutdown completed.
2026-03-20T11:12:22.085+08:00  INFO 29876 --- [Ims_Project] [main] c.p.Ims_Project.ImsProjectApplication    : Starting ImsProjectApplication using Java 21.0.9 with PID 29876 (D:\SpringBoot Projects\IMS_Practice\Ims_Project\Ims_Project\target\classes started by tauki in D:\SpringBoot Projects\IMS_Practice)
2026-03-20T11:12:22.089+08:00  INFO 29876 --- [Ims_Project] [main] c.p.Ims_Project.ImsProjectApplication    : No active profile set, falling back to 1 default profile: "default"
2026-03-20T11:12:22.763+08:00  INFO 29876 --- [Ims_Project] [main] .s.d.r.c.RepositoryConfigurationDelegate : Bootstrapping Spring Data JPA repositories in DEFAULT mode.
2026-03-20T11:12:22.805+08:00  INFO 29876 --- [Ims_Project] [main] .s.d.r.c.RepositoryConfigurationDelegate : Finished Spring Data repository scanning in 35 ms. Found 1 JPA repository interface.
2026-03-20T11:12:23.235+08:00  INFO 29876 --- [Ims_Project] [main] o.s.boot.tomcat.TomcatWebServer          : Tomcat initialized with port 8081 (http)
2026-03-20T11:12:23.246+08:00  INFO 29876 --- [Ims_Project] [main] o.apache.catalina.core.StandardService   : Starting service [Tomcat]
2026-03-20T11:12:23.246+08:00  INFO 29876 --- [Ims_Project] [main] o.apache.catalina.core.StandardEngine    : Starting Servlet engine: [Apache Tomcat/11.0.18]
2026-03-20T11:12:23.295+08:00  INFO 29876 --- [Ims_Project] [main] b.w.c.s.WebApplicationContextInitializer : Root WebApplicationContext: initialization completed in 1169 ms
2026-03-20T11:12:23.486+08:00  INFO 29876 --- [Ims_Project] [main] org.hibernate.orm.jpa                    : HHH008540: Processing PersistenceUnitInfo [name: default]
2026-03-20T11:12:23.525+08:00  INFO 29876 --- [Ims_Project] [main] org.hibernate.orm.core                   : HHH000001: Hibernate ORM core version 7.2.4.Final
2026-03-20T11:12:23.927+08:00  INFO 29876 --- [Ims_Project] [main] o.s.o.j.p.SpringPersistenceUnitInfo      : No LoadTimeWeaver setup: ignoring JPA class transformer
2026-03-20T11:12:23.946+08:00  INFO 29876 --- [Ims_Project] [main] com.zaxxer.hikari.HikariDataSource       : HikariPool-1 - Starting...
2026-03-20T11:12:24.057+08:00  INFO 29876 --- [Ims_Project] [main] com.zaxxer.hikari.pool.HikariPool        : HikariPool-1 - Added connection org.postgresql.jdbc.PgConnection@5d0e703a
2026-03-20T11:12:24.058+08:00  INFO 29876 --- [Ims_Project] [main] com.zaxxer.hikari.HikariDataSource       : HikariPool-1 - Start completed.
2026-03-20T11:12:24.107+08:00  INFO 29876 --- [Ims_Project] [main] org.hibernate.orm.connections.pooling    : HHH10001005: Database info:
	Database JDBC URL [jdbc:postgresql://localhost:5432/practice_ims]
	Database driver: PostgreSQL JDBC Driver
	Database dialect: PostgreSQLDialect
	Database version: 17.4
	Default catalog/schema: practice_ims/public
	Autocommit mode: undefined/unknown
	Isolation level: READ_COMMITTED [default READ_COMMITTED]
	JDBC fetch size: none
	Pool: DataSourceConnectionProvider
	Minimum pool size: undefined/unknown
	Maximum pool size: undefined/unknown
2026-03-20T11:12:24.709+08:00  INFO 29876 --- [Ims_Project] [main] org.hibernate.orm.core                   : HHH000489: No JTA platform available (set 'hibernate.transaction.jta.platform' to enable JTA platform integration)
2026-03-20T11:12:24.748+08:00  INFO 29876 --- [Ims_Project] [main] j.LocalContainerEntityManagerFactoryBean : Initialized JPA EntityManagerFactory for persistence unit 'default'
2026-03-20T11:12:24.813+08:00  INFO 29876 --- [Ims_Project] [main] o.s.d.j.r.query.QueryEnhancerFactories   : Hibernate is in classpath; If applicable, HQL parser will be used.
2026-03-20T11:12:24.996+08:00  WARN 29876 --- [Ims_Project] [main] JpaBaseConfiguration$JpaWebConfiguration : spring.jpa.open-in-view is enabled by default. Therefore, database queries may be performed during view rendering. Explicitly configure spring.jpa.open-in-view to disable this warning
2026-03-20T11:12:25.336+08:00  INFO 29876 --- [Ims_Project] [main] o.s.boot.tomcat.TomcatWebServer          : Tomcat started on port 8081 (http) with context path '/api'
2026-03-20T11:12:25.341+08:00  INFO 29876 --- [Ims_Project] [main] c.p.Ims_Project.ImsProjectApplication    : Started ImsProjectApplication in 3.585 seconds (process running for 3.911)
2026-03-20T11:12:25.344+08:00  WARN 29876 --- [Ims_Project] [main] o.s.core.events.SpringDocAppInitializer  : SpringDoc /v3/api-docs endpoint is enabled by default. To disable it in production, set the property 'springdoc.api-docs.enabled=false'
2026-03-20T11:12:25.345+08:00  WARN 29876 --- [Ims_Project] [main] o.s.core.events.SpringDocAppInitializer  : SpringDoc /swagger-ui.html endpoint is enabled by default. To disable it in production, set the property 'springdoc.swagger-ui.enabled=false'
2026-03-20T11:12:30.903+08:00  INFO 29876 --- [Ims_Project] [http-nio-8081-exec-1] o.a.c.c.C.[Tomcat].[localhost].[/api]    : Initializing Spring DispatcherServlet 'dispatcherServlet'
2026-03-20T11:12:30.903+08:00  INFO 29876 --- [Ims_Project] [http-nio-8081-exec-1] o.s.web.servlet.DispatcherServlet        : Initializing Servlet 'dispatcherServlet'
2026-03-20T11:12:30.904+08:00  INFO 29876 --- [Ims_Project] [http-nio-8081-exec-1] o.s.web.servlet.DispatcherServlet        : Completed initialization in 1 ms
2026-03-20T11:12:31.175+08:00  INFO 29876 --- [Ims_Project] [http-nio-8081-exec-1] o.springdoc.api.AbstractOpenApiResource  : Init duration for springdoc-openapi is: 212 ms
2026-03-20T11:13:44.974+08:00  INFO 29876 --- [Ims_Project] [SpringApplicationShutdownHook] o.s.boot.tomcat.GracefulShutdown         : Commencing graceful shutdown. Waiting for active requests to complete
2026-03-20T11:13:44.987+08:00  INFO 29876 --- [Ims_Project] [tomcat-shutdown] o.s.boot.tomcat.GracefulShutdown         : Graceful shutdown complete
2026-03-20T11:13:44.989+08:00  INFO 29876 --- [Ims_Project] [SpringApplicationShutdownHook] j.LocalContainerEntityManagerFactoryBean : Closing JPA EntityManagerFactory for persistence unit 'default'
2026-03-20T11:13:44.991+08:00  INFO 29876 --- [Ims_Project] [SpringApplicationShutdownHook] com.zaxxer.hikari.HikariDataSource       : HikariPool-1 - Shutdown initiated...
2026-03-20T11:13:44.994+08:00  INFO 29876 --- [Ims_Project] [SpringApplicationShutdownHook] com.zaxxer.hikari.HikariDataSource       : HikariPool-1 - Shutdown completed.
2026-03-20T11:13:47.576+08:00  INFO 7264 --- [Ims_Project] [main] c.p.Ims_Project.ImsProjectApplication    : Starting ImsProjectApplication using Java 21.0.9 with PID 7264 (D:\SpringBoot Projects\IMS_Practice\Ims_Project\Ims_Project\target\classes started by tauki in D:\SpringBoot Projects\IMS_Practice)
2026-03-20T11:13:47.579+08:00  INFO 7264 --- [Ims_Project] [main] c.p.Ims_Project.ImsProjectApplication    : No active profile set, falling back to 1 default profile: "default"
2026-03-20T11:13:48.405+08:00  INFO 7264 --- [Ims_Project] [main] .s.d.r.c.RepositoryConfigurationDelegate : Bootstrapping Spring Data JPA repositories in DEFAULT mode.
2026-03-20T11:13:48.451+08:00  INFO 7264 --- [Ims_Project] [main] .s.d.r.c.RepositoryConfigurationDelegate : Finished Spring Data repository scanning in 38 ms. Found 1 JPA repository interface.
2026-03-20T11:13:49.035+08:00  INFO 7264 --- [Ims_Project] [main] o.s.boot.tomcat.TomcatWebServer          : Tomcat initialized with port 8081 (http)
2026-03-20T11:13:49.047+08:00  INFO 7264 --- [Ims_Project] [main] o.apache.catalina.core.StandardService   : Starting service [Tomcat]
2026-03-20T11:13:49.048+08:00  INFO 7264 --- [Ims_Project] [main] o.apache.catalina.core.StandardEngine    : Starting Servlet engine: [Apache Tomcat/11.0.18]
2026-03-20T11:13:49.112+08:00  INFO 7264 --- [Ims_Project] [main] b.w.c.s.WebApplicationContextInitializer : Root WebApplicationContext: initialization completed in 1493 ms
2026-03-20T11:13:49.367+08:00  INFO 7264 --- [Ims_Project] [main] org.hibernate.orm.jpa                    : HHH008540: Processing PersistenceUnitInfo [name: default]
2026-03-20T11:13:49.421+08:00  INFO 7264 --- [Ims_Project] [main] org.hibernate.orm.core                   : HHH000001: Hibernate ORM core version 7.2.4.Final
2026-03-20T11:13:49.806+08:00  INFO 7264 --- [Ims_Project] [main] o.s.o.j.p.SpringPersistenceUnitInfo      : No LoadTimeWeaver setup: ignoring JPA class transformer
2026-03-20T11:13:49.826+08:00  INFO 7264 --- [Ims_Project] [main] com.zaxxer.hikari.HikariDataSource       : HikariPool-1 - Starting...
2026-03-20T11:13:49.981+08:00  INFO 7264 --- [Ims_Project] [main] com.zaxxer.hikari.pool.HikariPool        : HikariPool-1 - Added connection org.postgresql.jdbc.PgConnection@14af73e1
2026-03-20T11:13:49.982+08:00  INFO 7264 --- [Ims_Project] [main] com.zaxxer.hikari.HikariDataSource       : HikariPool-1 - Start completed.
2026-03-20T11:13:50.045+08:00  INFO 7264 --- [Ims_Project] [main] org.hibernate.orm.connections.pooling    : HHH10001005: Database info:
	Database JDBC URL [jdbc:postgresql://localhost:5432/practice_ims]
	Database driver: PostgreSQL JDBC Driver
	Database dialect: PostgreSQLDialect
	Database version: 17.4
	Default catalog/schema: practice_ims/public
	Autocommit mode: undefined/unknown
	Isolation level: READ_COMMITTED [default READ_COMMITTED]
	JDBC fetch size: none
	Pool: DataSourceConnectionProvider
	Minimum pool size: undefined/unknown
	Maximum pool size: undefined/unknown
2026-03-20T11:13:50.911+08:00  INFO 7264 --- [Ims_Project] [main] org.hibernate.orm.core                   : HHH000489: No JTA platform available (set 'hibernate.transaction.jta.platform' to enable JTA platform integration)
2026-03-20T11:13:50.960+08:00  INFO 7264 --- [Ims_Project] [main] j.LocalContainerEntityManagerFactoryBean : Initialized JPA EntityManagerFactory for persistence unit 'default'
2026-03-20T11:13:51.044+08:00  INFO 7264 --- [Ims_Project] [main] o.s.d.j.r.query.QueryEnhancerFactories   : Hibernate is in classpath; If applicable, HQL parser will be used.
2026-03-20T11:13:51.303+08:00  WARN 7264 --- [Ims_Project] [main] JpaBaseConfiguration$JpaWebConfiguration : spring.jpa.open-in-view is enabled by default. Therefore, database queries may be performed during view rendering. Explicitly configure spring.jpa.open-in-view to disable this warning
2026-03-20T11:13:51.802+08:00  INFO 7264 --- [Ims_Project] [main] o.s.boot.tomcat.TomcatWebServer          : Tomcat started on port 8081 (http) with context path '/api'
2026-03-20T11:13:51.810+08:00  INFO 7264 --- [Ims_Project] [main] c.p.Ims_Project.ImsProjectApplication    : Started ImsProjectApplication in 4.59 seconds (process running for 4.957)
2026-03-20T11:13:51.814+08:00  WARN 7264 --- [Ims_Project] [main] o.s.core.events.SpringDocAppInitializer  : SpringDoc /v3/api-docs endpoint is enabled by default. To disable it in production, set the property 'springdoc.api-docs.enabled=false'
2026-03-20T11:13:51.815+08:00  WARN 7264 --- [Ims_Project] [main] o.s.core.events.SpringDocAppInitializer  : SpringDoc /swagger-ui.html endpoint is enabled by default. To disable it in production, set the property 'springdoc.swagger-ui.enabled=false'
2026-03-20T11:13:51.944+08:00  INFO 7264 --- [Ims_Project] [http-nio-8081-exec-1] o.a.c.c.C.[Tomcat].[localhost].[/api]    : Initializing Spring DispatcherServlet 'dispatcherServlet'
2026-03-20T11:13:51.944+08:00  INFO 7264 --- [Ims_Project] [http-nio-8081-exec-1] o.s.web.servlet.DispatcherServlet        : Initializing Servlet 'dispatcherServlet'
2026-03-20T11:13:51.945+08:00  INFO 7264 --- [Ims_Project] [http-nio-8081-exec-1] o.s.web.servlet.DispatcherServlet        : Completed initialization in 1 ms
2026-03-20T11:13:52.535+08:00  INFO 7264 --- [Ims_Project] [http-nio-8081-exec-4] o.springdoc.api.AbstractOpenApiResource  : Init duration for springdoc-openapi is: 335 ms
2026-03-20T11:14:03.495+08:00  INFO 7264 --- [Ims_Project] [SpringApplicationShutdownHook] o.s.boot.tomcat.GracefulShutdown         : Commencing graceful shutdown. Waiting for active requests to complete
2026-03-20T11:14:03.510+08:00  INFO 7264 --- [Ims_Project] [tomcat-shutdown] o.s.boot.tomcat.GracefulShutdown         : Graceful shutdown complete
2026-03-20T11:14:03.513+08:00  INFO 7264 --- [Ims_Project] [SpringApplicationShutdownHook] j.LocalContainerEntityManagerFactoryBean : Closing JPA EntityManagerFactory for persistence unit 'default'
2026-03-20T11:14:03.514+08:00  INFO 7264 --- [Ims_Project] [SpringApplicationShutdownHook] com.zaxxer.hikari.HikariDataSource       : HikariPool-1 - Shutdown initiated...
2026-03-20T11:14:03.517+08:00  INFO 7264 --- [Ims_Project] [SpringApplicationShutdownHook] com.zaxxer.hikari.HikariDataSource       : HikariPool-1 - Shutdown completed.
2026-03-20T11:14:06.142+08:00  INFO 39192 --- [Ims_Project] [main] c.p.Ims_Project.ImsProjectApplication    : Starting ImsProjectApplication using Java 21.0.9 with PID 39192 (D:\SpringBoot Projects\IMS_Practice\Ims_Project\Ims_Project\target\classes started by tauki in D:\SpringBoot Projects\IMS_Practice)
2026-03-20T11:14:06.146+08:00  INFO 39192 --- [Ims_Project] [main] c.p.Ims_Project.ImsProjectApplication    : No active profile set, falling back to 1 default profile: "default"
2026-03-20T11:14:06.900+08:00  INFO 39192 --- [Ims_Project] [main] .s.d.r.c.RepositoryConfigurationDelegate : Bootstrapping Spring Data JPA repositories in DEFAULT mode.
2026-03-20T11:14:06.953+08:00  INFO 39192 --- [Ims_Project] [main] .s.d.r.c.RepositoryConfigurationDelegate : Finished Spring Data repository scanning in 44 ms. Found 1 JPA repository interface.
2026-03-20T11:14:07.412+08:00  INFO 39192 --- [Ims_Project] [main] o.s.boot.tomcat.TomcatWebServer          : Tomcat initialized with port 8081 (http)
2026-03-20T11:14:07.424+08:00  INFO 39192 --- [Ims_Project] [main] o.apache.catalina.core.StandardService   : Starting service [Tomcat]
2026-03-20T11:14:07.425+08:00  INFO 39192 --- [Ims_Project] [main] o.apache.catalina.core.StandardEngine    : Starting Servlet engine: [Apache Tomcat/11.0.18]
2026-03-20T11:14:07.475+08:00  INFO 39192 --- [Ims_Project] [main] b.w.c.s.WebApplicationContextInitializer : Root WebApplicationContext: initialization completed in 1281 ms
2026-03-20T11:14:07.636+08:00  INFO 39192 --- [Ims_Project] [main] org.hibernate.orm.jpa                    : HHH008540: Processing PersistenceUnitInfo [name: default]
2026-03-20T11:14:07.702+08:00  INFO 39192 --- [Ims_Project] [main] org.hibernate.orm.core                   : HHH000001: Hibernate ORM core version 7.2.4.Final
2026-03-20T11:14:08.093+08:00  INFO 39192 --- [Ims_Project] [main] o.s.o.j.p.SpringPersistenceUnitInfo      : No LoadTimeWeaver setup: ignoring JPA class transformer
2026-03-20T11:14:08.109+08:00  INFO 39192 --- [Ims_Project] [main] com.zaxxer.hikari.HikariDataSource       : HikariPool-1 - Starting...
2026-03-20T11:14:08.226+08:00  INFO 39192 --- [Ims_Project] [main] com.zaxxer.hikari.pool.HikariPool        : HikariPool-1 - Added connection org.postgresql.jdbc.PgConnection@280d6a20
2026-03-20T11:14:08.227+08:00  INFO 39192 --- [Ims_Project] [main] com.zaxxer.hikari.HikariDataSource       : HikariPool-1 - Start completed.
2026-03-20T11:14:08.274+08:00  INFO 39192 --- [Ims_Project] [main] org.hibernate.orm.connections.pooling    : HHH10001005: Database info:
	Database JDBC URL [jdbc:postgresql://localhost:5432/practice_ims]
	Database driver: PostgreSQL JDBC Driver
	Database dialect: PostgreSQLDialect
	Database version: 17.4
	Default catalog/schema: practice_ims/public
	Autocommit mode: undefined/unknown
	Isolation level: READ_COMMITTED [default READ_COMMITTED]
	JDBC fetch size: none
	Pool: DataSourceConnectionProvider
	Minimum pool size: undefined/unknown
	Maximum pool size: undefined/unknown
2026-03-20T11:14:08.918+08:00  INFO 39192 --- [Ims_Project] [main] org.hibernate.orm.core                   : HHH000489: No JTA platform available (set 'hibernate.transaction.jta.platform' to enable JTA platform integration)
2026-03-20T11:14:08.957+08:00  INFO 39192 --- [Ims_Project] [main] j.LocalContainerEntityManagerFactoryBean : Initialized JPA EntityManagerFactory for persistence unit 'default'
2026-03-20T11:14:09.021+08:00  INFO 39192 --- [Ims_Project] [main] o.s.d.j.r.query.QueryEnhancerFactories   : Hibernate is in classpath; If applicable, HQL parser will be used.
2026-03-20T11:14:09.209+08:00  WARN 39192 --- [Ims_Project] [main] JpaBaseConfiguration$JpaWebConfiguration : spring.jpa.open-in-view is enabled by default. Therefore, database queries may be performed during view rendering. Explicitly configure spring.jpa.open-in-view to disable this warning
2026-03-20T11:14:09.571+08:00  INFO 39192 --- [Ims_Project] [main] o.s.boot.tomcat.TomcatWebServer          : Tomcat started on port 8081 (http) with context path '/api'
2026-03-20T11:14:09.576+08:00  INFO 39192 --- [Ims_Project] [main] c.p.Ims_Project.ImsProjectApplication    : Started ImsProjectApplication in 3.837 seconds (process running for 4.165)
2026-03-20T11:14:09.580+08:00  WARN 39192 --- [Ims_Project] [main] o.s.core.events.SpringDocAppInitializer  : SpringDoc /v3/api-docs endpoint is enabled by default. To disable it in production, set the property 'springdoc.api-docs.enabled=false'
2026-03-20T11:14:09.580+08:00  WARN 39192 --- [Ims_Project] [main] o.s.core.events.SpringDocAppInitializer  : SpringDoc /swagger-ui.html endpoint is enabled by default. To disable it in production, set the property 'springdoc.swagger-ui.enabled=false'
2026-03-20T11:14:12.624+08:00  INFO 39192 --- [Ims_Project] [http-nio-8081-exec-1] o.a.c.c.C.[Tomcat].[localhost].[/api]    : Initializing Spring DispatcherServlet 'dispatcherServlet'
2026-03-20T11:14:12.624+08:00  INFO 39192 --- [Ims_Project] [http-nio-8081-exec-1] o.s.web.servlet.DispatcherServlet        : Initializing Servlet 'dispatcherServlet'
2026-03-20T11:14:12.625+08:00  INFO 39192 --- [Ims_Project] [http-nio-8081-exec-1] o.s.web.servlet.DispatcherServlet        : Completed initialization in 1 ms
2026-03-20T11:14:12.965+08:00  INFO 39192 --- [Ims_Project] [http-nio-8081-exec-5] o.springdoc.api.AbstractOpenApiResource  : Init duration for springdoc-openapi is: 197 ms
2026-03-20T11:15:02.073+08:00  INFO 39192 --- [Ims_Project] [SpringApplicationShutdownHook] o.s.boot.tomcat.GracefulShutdown         : Commencing graceful shutdown. Waiting for active requests to complete
2026-03-20T11:15:02.085+08:00  INFO 39192 --- [Ims_Project] [tomcat-shutdown] o.s.boot.tomcat.GracefulShutdown         : Graceful shutdown complete
2026-03-20T11:15:02.087+08:00  INFO 39192 --- [Ims_Project] [SpringApplicationShutdownHook] j.LocalContainerEntityManagerFactoryBean : Closing JPA EntityManagerFactory for persistence unit 'default'
2026-03-20T11:15:02.090+08:00  INFO 39192 --- [Ims_Project] [SpringApplicationShutdownHook] com.zaxxer.hikari.HikariDataSource       : HikariPool-1 - Shutdown initiated...
2026-03-20T11:15:02.092+08:00  INFO 39192 --- [Ims_Project] [SpringApplicationShutdownHook] com.zaxxer.hikari.HikariDataSource       : HikariPool-1 - Shutdown completed.
2026-03-20T11:15:04.530+08:00  INFO 47204 --- [Ims_Project] [main] c.p.Ims_Project.ImsProjectApplication    : Starting ImsProjectApplication using Java 21.0.9 with PID 47204 (D:\SpringBoot Projects\IMS_Practice\Ims_Project\Ims_Project\target\classes started by tauki in D:\SpringBoot Projects\IMS_Practice)
2026-03-20T11:15:04.532+08:00  INFO 47204 --- [Ims_Project] [main] c.p.Ims_Project.ImsProjectApplication    : No active profile set, falling back to 1 default profile: "default"
2026-03-20T11:15:05.233+08:00  INFO 47204 --- [Ims_Project] [main] .s.d.r.c.RepositoryConfigurationDelegate : Bootstrapping Spring Data JPA repositories in DEFAULT mode.
2026-03-20T11:15:05.284+08:00  INFO 47204 --- [Ims_Project] [main] .s.d.r.c.RepositoryConfigurationDelegate : Finished Spring Data repository scanning in 38 ms. Found 1 JPA repository interface.
2026-03-20T11:15:05.713+08:00  INFO 47204 --- [Ims_Project] [main] o.s.boot.tomcat.TomcatWebServer          : Tomcat initialized with port 8081 (http)
2026-03-20T11:15:05.723+08:00  INFO 47204 --- [Ims_Project] [main] o.apache.catalina.core.StandardService   : Starting service [Tomcat]
2026-03-20T11:15:05.723+08:00  INFO 47204 --- [Ims_Project] [main] o.apache.catalina.core.StandardEngine    : Starting Servlet engine: [Apache Tomcat/11.0.18]
2026-03-20T11:15:05.772+08:00  INFO 47204 --- [Ims_Project] [main] b.w.c.s.WebApplicationContextInitializer : Root WebApplicationContext: initialization completed in 1199 ms
2026-03-20T11:15:05.983+08:00  INFO 47204 --- [Ims_Project] [main] org.hibernate.orm.jpa                    : HHH008540: Processing PersistenceUnitInfo [name: default]
2026-03-20T11:15:06.023+08:00  INFO 47204 --- [Ims_Project] [main] org.hibernate.orm.core                   : HHH000001: Hibernate ORM core version 7.2.4.Final
2026-03-20T11:15:06.417+08:00  INFO 47204 --- [Ims_Project] [main] o.s.o.j.p.SpringPersistenceUnitInfo      : No LoadTimeWeaver setup: ignoring JPA class transformer
2026-03-20T11:15:06.433+08:00  INFO 47204 --- [Ims_Project] [main] com.zaxxer.hikari.HikariDataSource       : HikariPool-1 - Starting...
2026-03-20T11:15:06.554+08:00  INFO 47204 --- [Ims_Project] [main] com.zaxxer.hikari.pool.HikariPool        : HikariPool-1 - Added connection org.postgresql.jdbc.PgConnection@186f7434
2026-03-20T11:15:06.556+08:00  INFO 47204 --- [Ims_Project] [main] com.zaxxer.hikari.HikariDataSource       : HikariPool-1 - Start completed.
2026-03-20T11:15:06.614+08:00  INFO 47204 --- [Ims_Project] [main] org.hibernate.orm.connections.pooling    : HHH10001005: Database info:
	Database JDBC URL [jdbc:postgresql://localhost:5432/practice_ims]
	Database driver: PostgreSQL JDBC Driver
	Database dialect: PostgreSQLDialect
	Database version: 17.4
	Default catalog/schema: practice_ims/public
	Autocommit mode: undefined/unknown
	Isolation level: READ_COMMITTED [default READ_COMMITTED]
	JDBC fetch size: none
	Pool: DataSourceConnectionProvider
	Minimum pool size: undefined/unknown
	Maximum pool size: undefined/unknown
2026-03-20T11:15:07.218+08:00  INFO 47204 --- [Ims_Project] [main] org.hibernate.orm.core                   : HHH000489: No JTA platform available (set 'hibernate.transaction.jta.platform' to enable JTA platform integration)
2026-03-20T11:15:07.282+08:00  INFO 47204 --- [Ims_Project] [main] j.LocalContainerEntityManagerFactoryBean : Initialized JPA EntityManagerFactory for persistence unit 'default'
2026-03-20T11:15:07.358+08:00  INFO 47204 --- [Ims_Project] [main] o.s.d.j.r.query.QueryEnhancerFactories   : Hibernate is in classpath; If applicable, HQL parser will be used.
2026-03-20T11:15:07.554+08:00  WARN 47204 --- [Ims_Project] [main] JpaBaseConfiguration$JpaWebConfiguration : spring.jpa.open-in-view is enabled by default. Therefore, database queries may be performed during view rendering. Explicitly configure spring.jpa.open-in-view to disable this warning
2026-03-20T11:15:07.969+08:00  INFO 47204 --- [Ims_Project] [main] o.s.boot.tomcat.TomcatWebServer          : Tomcat started on port 8081 (http) with context path '/api'
2026-03-20T11:15:07.980+08:00  INFO 47204 --- [Ims_Project] [main] c.p.Ims_Project.ImsProjectApplication    : Started ImsProjectApplication in 3.787 seconds (process running for 4.105)
2026-03-20T11:15:07.985+08:00  WARN 47204 --- [Ims_Project] [main] o.s.core.events.SpringDocAppInitializer  : SpringDoc /v3/api-docs endpoint is enabled by default. To disable it in production, set the property 'springdoc.api-docs.enabled=false'
2026-03-20T11:15:07.985+08:00  WARN 47204 --- [Ims_Project] [main] o.s.core.events.SpringDocAppInitializer  : SpringDoc /swagger-ui.html endpoint is enabled by default. To disable it in production, set the property 'springdoc.swagger-ui.enabled=false'
2026-03-20T11:15:43.479+08:00  INFO 47204 --- [Ims_Project] [http-nio-8081-exec-1] o.a.c.c.C.[Tomcat].[localhost].[/api]    : Initializing Spring DispatcherServlet 'dispatcherServlet'
2026-03-20T11:15:43.479+08:00  INFO 47204 --- [Ims_Project] [http-nio-8081-exec-1] o.s.web.servlet.DispatcherServlet        : Initializing Servlet 'dispatcherServlet'
2026-03-20T11:15:43.481+08:00  INFO 47204 --- [Ims_Project] [http-nio-8081-exec-1] o.s.web.servlet.DispatcherServlet        : Completed initialization in 1 ms
2026-03-20T11:15:43.875+08:00  INFO 47204 --- [Ims_Project] [http-nio-8081-exec-4] o.springdoc.api.AbstractOpenApiResource  : Init duration for springdoc-openapi is: 221 ms
